<?xml version="1.0" encoding="UTF-8"?>
<testsuite name="Hacer pedido" tests="1" skipped="0" failures="0" errors="0" timestamp="2021-07-09T00:39:26" hostname="SQAT1MEDWIN46" time="4.727">
  <properties/>
  <testcase name="Hacer pedido para una mascota" classname="Hacer pedido" time="4.727"/>
  <system-out><![CDATA[{
  "id": 15489,
  "petId": 254,
  "quantity": 52,
  "shipDate": "2021-07-08T20:29:17.115Z",
  "status": "placed",
  "complete": true
}
]]></system-out>
  <system-err><![CDATA[[Test worker] INFO net.thucydides.core.steps.ConsoleLoggingListener - 
        __    _____ _____ ____ _____   ____   _    ____  ____  _____ ____  
  _     \ \  |_   _| ____/ ___|_   _| |  _ \ / \  / ___|/ ___|| ____|  _ \ 
 (_)_____| |   | | |  _| \___ \ | |   | |_) / _ \ \___ \\___ \|  _| | | | |
  _|_____| |   | | | |___ ___) || |   |  __/ ___ \ ___) |___) | |___| |_| |
 (_)     | |   |_| |_____|____/ |_|   |_| /_/   \_\____/|____/|_____|____/ 
        /_/                                                                

TEST PASSED: Hacer pedido para una mascota
----------------------------------------------------------------------------
]]></system-err>
</testsuite>
